[debug] [2021-02-25T05:06:57.407Z] ----------------------------------------------------------------------
[debug] [2021-02-25T05:06:57.410Z] Command:       /usr/local/bin/node /usr/local/bin/firebase deploy --only functions
[debug] [2021-02-25T05:06:57.410Z] CLI Version:   9.5.0
[debug] [2021-02-25T05:06:57.410Z] Platform:      darwin
[debug] [2021-02-25T05:06:57.411Z] Node Version:  v14.5.0
[debug] [2021-02-25T05:06:57.412Z] Time:          Thu Feb 25 2021 02:06:57 GMT-0300 (Horário Padrão de Brasília)
[debug] [2021-02-25T05:06:57.412Z] ----------------------------------------------------------------------
[debug] [2021-02-25T05:06:57.412Z] 
[debug] [2021-02-25T05:06:57.422Z] > command requires scopes: ["email","openid","https://www.googleapis.com/auth/cloudplatformprojects.readonly","https://www.googleapis.com/auth/firebase","https://www.googleapis.com/auth/cloud-platform"]
[debug] [2021-02-25T05:06:57.423Z] > authorizing via signed-in user
[debug] [2021-02-25T05:06:57.423Z] [iam] checking project questionsofcom for permissions ["cloudfunctions.functions.create","cloudfunctions.functions.delete","cloudfunctions.functions.get","cloudfunctions.functions.list","cloudfunctions.functions.update","cloudfunctions.operations.get","firebase.projects.get"]
[debug] [2021-02-25T05:06:57.426Z] > refreshing access token with scopes: ["email","https://www.googleapis.com/auth/cloud-platform","https://www.googleapis.com/auth/cloudplatformprojects.readonly","https://www.googleapis.com/auth/firebase","openid"]
[debug] [2021-02-25T05:06:57.427Z] >>> HTTP REQUEST POST https://www.googleapis.com/oauth2/v3/token  
 <request body omitted>
[debug] [2021-02-25T05:06:57.699Z] <<< HTTP RESPONSE 200 {"cache-control":"no-cache, no-store, max-age=0, must-revalidate","expires":"Mon, 01 Jan 1990 00:00:00 GMT","pragma":"no-cache","date":"Thu, 25 Feb 2021 05:06:57 GMT","content-type":"application/json; charset=utf-8","vary":"X-Origin, Referer, Origin,Accept-Encoding","server":"scaffolding on HTTPServer2","x-xss-protection":"0","x-frame-options":"SAMEORIGIN","x-content-type-options":"nosniff","alt-svc":"h3-29=\":443\"; ma=2592000,h3-T051=\":443\"; ma=2592000,h3-Q050=\":443\"; ma=2592000,h3-Q046=\":443\"; ma=2592000,h3-Q043=\":443\"; ma=2592000,quic=\":443\"; ma=2592000; v=\"46,43\"","accept-ranges":"none","transfer-encoding":"chunked"}
[debug] [2021-02-25T05:06:57.716Z] >>> HTTP REQUEST POST https://cloudresourcemanager.googleapis.com/v1/projects/questionsofcom:testIamPermissions  
 {"permissions":["cloudfunctions.functions.create","cloudfunctions.functions.delete","cloudfunctions.functions.get","cloudfunctions.functions.list","cloudfunctions.functions.update","cloudfunctions.operations.get","firebase.projects.get"]}
[debug] [2021-02-25T05:06:58.800Z] <<< HTTP RESPONSE 200 {"content-type":"application/json; charset=UTF-8","vary":"X-Origin, Referer, Origin,Accept-Encoding","date":"Thu, 25 Feb 2021 05:06:58 GMT","server":"ESF","cache-control":"private","x-xss-protection":"0","x-frame-options":"SAMEORIGIN","x-content-type-options":"nosniff","server-timing":"gfet4t7; dur=856","alt-svc":"h3-29=\":443\"; ma=2592000,h3-T051=\":443\"; ma=2592000,h3-Q050=\":443\"; ma=2592000,h3-Q046=\":443\"; ma=2592000,h3-Q043=\":443\"; ma=2592000,quic=\":443\"; ma=2592000; v=\"46,43\"","accept-ranges":"none","transfer-encoding":"chunked"}
[debug] [2021-02-25T05:06:58.801Z] >>> HTTP REQUEST POST https://iam.googleapis.com/v1/projects/questionsofcom/serviceAccounts/questionsofcom@appspot.gserviceaccount.com:testIamPermissions  
 {"permissions":["iam.serviceAccounts.actAs"]}
[debug] [2021-02-25T05:06:59.776Z] <<< HTTP RESPONSE 200 {"content-type":"application/json; charset=UTF-8","vary":"X-Origin, Referer, Origin,Accept-Encoding","date":"Thu, 25 Feb 2021 05:06:59 GMT","server":"ESF","cache-control":"private","x-xss-protection":"0","x-frame-options":"SAMEORIGIN","x-content-type-options":"nosniff","alt-svc":"h3-29=\":443\"; ma=2592000,h3-T051=\":443\"; ma=2592000,h3-Q050=\":443\"; ma=2592000,h3-Q046=\":443\"; ma=2592000,h3-Q043=\":443\"; ma=2592000,quic=\":443\"; ma=2592000; v=\"46,43\"","accept-ranges":"none","transfer-encoding":"chunked"}
[info] 
[info] === Deploying to 'questionsofcom'...
[info] 
[info] i  deploying functions 
[info] i  functions: ensuring required API cloudfunctions.googleapis.com is enabled... 
[info] i  functions: ensuring required API cloudbuild.googleapis.com is enabled... 
[debug] [2021-02-25T05:07:02.297Z] >>> HTTP REQUEST GET https://serviceusage.googleapis.com/v1/projects/questionsofcom/services/cloudfunctions.googleapis.com  
 
[debug] [2021-02-25T05:07:02.298Z] >>> HTTP REQUEST GET https://serviceusage.googleapis.com/v1/projects/questionsofcom/services/runtimeconfig.googleapis.com  
 
[debug] [2021-02-25T05:07:02.298Z] >>> HTTP REQUEST GET https://serviceusage.googleapis.com/v1/projects/questionsofcom/services/cloudbuild.googleapis.com  
 
